<?xml version="1.0" encoding="UTF-8"?>
<testsuite name="cat.itacademy.barcelonactiva.medina.german.s04.t01.n02.S04T01N02MedinaGermanApplicationTests" tests="1" skipped="0" failures="0" errors="0" timestamp="2024-04-18T09:23:08" hostname="MacBook-Pro-de-German.local" time="0.851">
  <properties/>
  <testcase name="contextLoads()" classname="cat.itacademy.barcelonactiva.medina.german.s04.t01.n02.S04T01N02MedinaGermanApplicationTests" time="0.851"/>
  <system-out><![CDATA[11:23:06.727 [Test worker] INFO org.springframework.test.context.support.AnnotationConfigContextLoaderUtils -- Could not detect default configuration classes for test class [cat.itacademy.barcelonactiva.medina.german.s04.t01.n02.S04T01N02MedinaGermanApplicationTests]: S04T01N02MedinaGermanApplicationTests does not declare any static, non-private, non-final, nested classes annotated with @Configuration.
11:23:06.843 [Test worker] INFO org.springframework.boot.test.context.SpringBootTestContextBootstrapper -- Found @SpringBootConfiguration cat.itacademy.barcelonactiva.medina.german.s04.t01.n02.S04T01N02MedinaGermanApplication for test class cat.itacademy.barcelonactiva.medina.german.s04.t01.n02.S04T01N02MedinaGermanApplicationTests

  .   ____          _            __ _ _
 /\\ / ___'_ __ _ _(_)_ __  __ _ \ \ \ \
( ( )\___ | '_ | '_| | '_ \/ _` | \ \ \ \
 \\/  ___)| |_)| | | | | || (_| |  ) ) ) )
  '  |____| .__|_| |_|_| |_\__, | / / / /
 =========|_|==============|___/=/_/_/_/
 :: Spring Boot ::                (v3.2.4)

2024-04-18T11:23:07.275+02:00  INFO 6421 --- [S04T01N02MedinaGerman] [    Test worker] .n.S04T01N02MedinaGermanApplicationTests : Starting S04T01N02MedinaGermanApplicationTests using Java 21.0.2 with PID 6421 (started by German in /Users/German/Desktop/Sprints_JAVA/JAVA-BACKEND-IT-ACADEMY/S4/S04T01N02MedinaGerman)
2024-04-18T11:23:07.276+02:00  INFO 6421 --- [S04T01N02MedinaGerman] [    Test worker] .n.S04T01N02MedinaGermanApplicationTests : No active profile set, falling back to 1 default profile: "default"
2024-04-18T11:23:08.636+02:00  INFO 6421 --- [S04T01N02MedinaGerman] [    Test worker] .n.S04T01N02MedinaGermanApplicationTests : Started S04T01N02MedinaGermanApplicationTests in 1.609 seconds (process running for 3.007)
]]></system-out>
  <system-err><![CDATA[WARNING: A Java agent has been loaded dynamically (/Users/German/.gradle/caches/modules-2/files-2.1/net.bytebuddy/byte-buddy-agent/1.14.12/be4984cb6fd1ef1d11f218a648889dfda44b8a15/byte-buddy-agent-1.14.12.jar)
WARNING: If a serviceability tool is in use, please run with -XX:+EnableDynamicAgentLoading to hide this warning
WARNING: If a serviceability tool is not in use, please run with -Djdk.instrument.traceUsage for more information
WARNING: Dynamic loading of agents will be disallowed by default in a future release
]]></system-err>
</testsuite>
